1552487002952:addBook "Три поросенка" "Толстой" "Драма"
1552487017933:addBook
1552487237349:addBook "Три поросенка" "Толстой" "Драма"
1552487451666:addBook Колобок
1552488522933:addBook --bookName Колобок
1552490175626:addBook kolobok
1552490276141:delBook vdrfr
1552490626358:hello sefdsdf
1552490710021:hello Kolobok
1552491098330:hello Му-му
1552491158424:findBook Му-му
1552491425461:fBook Му-му
1552491496496:hello Му-му
1552491547676:bookhello Му-му
1552491630037:boohello Му-му
1552491695107:bookhello Му-му
1552491734055:findbookhello Му-му
1552491777621:findBook Му-му
1552491928245:findbookhello Му-му
1552492041971:findbook Му-му
1552492082141:findBook Му-му
1552492119984:findbook Му-му
1552492177575:addbook Kolobok
1552492192387:findbook
1552492320044:findbook Kolobok
1552492407857:findbook Лщдщ
1552492455709:findbook kolobok
1552492609364:addbook Колобок Тургенев Драма
1552492633036:addbook "Колобок и все" Тургенев Драма
1552492891808:addbook "Три поросенка" Тургенев Драма
1552493015681:addbook "Три поросенкав" Тургеневу
1552493038091:addbook "" Тургенев Драма
1552493158783:findbook "Три поросенка"
1552494534364:addbook "Три поросенка" Тургенев Драма
1552494543403:addbook Колобок, Комедия, Толстой
1552494640731:addbook "Три поросенка" Тургенев Драма
1552494650472:addbook Колобок Толстой Комедия
1552494659866:addbook Теремок Чехов Драма
1552494679704:findbook Колобок
1552494750865:addbook "Три поросенка" Тургенев Драма
1552494757925:addbook Колобок Толстой Комедия
1552494764490:addbook Теремок Чехов Драма
1552494772608:findbook Колобок
1552494797000:findbook Теремок
1552494966359:addbook "Три поросенка" Тургенев Драма
1552494972452:addbook Колобок Толстой Комедия
1552494979080:addbook Теремок Чехов Драма
1552494988335:findbook Колобок
1552495005518:delbook Колобок
1552495276006:allbook
1552495320365:addbook "Три поросенка" Тургенев Драма
1552495326316:addbook Колобок Толстой Комедия
1552495331795:addbook Теремок Чехов Драма
1552495347480:allooks
1552495352389:allbooks
1552496375770:addbook "Три поросенка" Тургенев Драма
1552496380697:addbook Колобок Толстой Комедия
1552496386383:addbook Теремок Чехов Драма
1552496397363:allbooks
1552497803648:addbook "Три поросенка" Тургенев Драма
1552497809799:addbook Колобок Толстой Комедия
1552497815334:addbook Теремок Чехов Драма
1552497822092:allbooks
1552498051427:findbookТеремок
1552498060681:findbook Теремок
1552499402521:addbook "Три поросенка" Тургенев Драма
1552499413712:addbook Колобок Толстой Комедия
1552499433214:allbooks
1552499888949:addbook "Три поросенка" Тургенев Драма
1552499896047:addbook Колобок Толстой Комедия
1552499901957:addbook Теремок Чехов Драма
1552499911372:allbooks
1552499926419:byauthor Тургенев
1552503387928:allbooks
1552503407521:byauthor Толстой
1552503461196:allbooks
1552503477314:byauthor Тургенев
1552503539615:addbook Колобок Толстой Комедия
1552503551366:addbook "Три поросенка" Тургенев Драма
1552503558069:allbooks
1552503566595:byauthor Тургенев
1552503608269:allbooks
1552503630802:byauthor Тургенев
1552503650954:byauthor Толстой
1552503825506:allbooks
1552503841110:addbook "Три поросенка" Тургенев Драма
1552503848521:addbook Колобок Толстой Комедия
1552503858036:addbook Теремок Чехов Драма
1552503864395:allbooks
1552503878886:byauthor Тургенев
1552503896039:delbook Му-му
1552503921053:allbooks
1552504198042:delbook Колобок
1552504284533:addbook "Три поросенка" Тургенев Драма
1552504289913:addbook Колобок Толстой Комедия
1552504296568:addbook Теремок Чехов Драма
1552504303461:allbooks
1552504318255:delbook Колобок
1552505262874:addbook "Три поросенка" Тургенев Драма
1552505268266:addbook Колобок Толстой Комедия
1552505272923:addbook Теремок Чехов Драма
1552505279229:allbooks
1552505287512:byauthor Толстой
1552505293734:byauthor Тургенев
1552505313710:bygenre Драма
1552505336743:bygenre Комедия
1552505380149:delbook Колобок
1552505389650:allbooks
1552505771740:allbooks dsff
1552505778349:addbook "Три поросенка" Тургенев Фантастика
1552505815121:addbook Колобок Толстой Комедия
1552505825292:addbook Теремок Чехов Драма
1552505834930:allbooks
1552505893112:bygenre Драма
1552506014521:allbooks
1552506021711:addbook Теремок Чехов Драма
1552506028339:allbooks
1552516006244:addbook "Три поросенка" Тургенев Фантастика
1552516012102:addbook Колобок Толстой Комедия
1552516017268:addbook Теремок Чехов Драма
1552516023442:findbook Колобок
1552516032212:byauthor Толстой
1552516040439:byauthor Тургенев
1552516056992:allbooks
1552516072722:delbook Му-му
1552516080819:allbooks
